<?xml version="1.0" encoding="UTF-8"?>
<!-- Generated by org.testng.reporters.JUnitReportReporter -->
<testsuite hostname="LAPTOP-VARHNTM8" failures="0" tests="1" name="com.mohs10.getData.getdata" time="3.105" errors="0" timestamp="2022-10-17T10:38:09 IST" skipped="0">
  <testcase classname="com.mohs10.getData.getdata" name="testResponsecode" time="3.105"/>
  <system-out/>
</testsuite> <!-- com.mohs10.getData.getdata -->
